[0m2021.06.05 14:38:01 INFO  Started: Metals version 0.10.4 in workspace 'C:\Users\masterbruce\Desktop\Code\FrontEnd\Learning React\road-to-react\react_fundamentals' for client Visual Studio Code 1.56.2.[0m
[0m2021.06.05 14:38:29 INFO  time: initialize in 27s[0m
[0m2021.06.05 14:38:30 WARN  Build server is not auto-connectable.[0m
[0m2021.06.05 14:38:30 WARN  no build tool detected in workspace 'C:\Users\masterbruce\Desktop\Code\FrontEnd\Learning React\road-to-react\react_fundamentals'. The most common cause for this problem is that the editor was opened in the wrong working directory, for example if you use sbt then the workspace directory should contain build.sbt. [0m
Jun 06, 2021 10:24:27 AM org.eclipse.lsp4j.jsonrpc.services.GenericEndpoint notify
INFO: Unsupported notification method: $/setTrace
[0m2021.06.13 00:33:09 INFO  Started: Metals version 0.10.4 in workspace 'C:\Users\masterbruce\Desktop\Code\FrontEnd\Learning React\road-to-react\react_fundamentals' for client Visual Studio Code 1.56.2.[0m
[0m2021.06.13 00:33:31 INFO  time: initialize in 21s[0m
[0m2021.06.13 00:33:31 WARN  Build server is not auto-connectable.[0m
[0m2021.06.13 00:33:31 WARN  no build tool detected in workspace 'C:\Users\masterbruce\Desktop\Code\FrontEnd\Learning React\road-to-react\react_fundamentals'. The most common cause for this problem is that the editor was opened in the wrong working directory, for example if you use sbt then the workspace directory should contain build.sbt. [0m
[0m2021.06.13 01:50:19 INFO  shutting down Metals[0m
[0m2021.06.14 11:57:29 INFO  Started: Metals version 0.10.4 in workspace 'C:\Users\masterbruce\Desktop\Code\FrontEnd\Learning React\road-to-react\react_fundamentals' for client Visual Studio Code 1.57.0.[0m
[0m2021.06.14 11:57:40 INFO  time: initialize in 11s[0m
[0m2021.06.14 11:57:40 WARN  Build server is not auto-connectable.[0m
[0m2021.06.14 11:57:40 WARN  no build tool detected in workspace 'C:\Users\masterbruce\Desktop\Code\FrontEnd\Learning React\road-to-react\react_fundamentals'. The most common cause for this problem is that the editor was opened in the wrong working directory, for example if you use sbt then the workspace directory should contain build.sbt. [0m
[0m2021.06.16 13:11:14 INFO  Started: Metals version 0.10.4 in workspace 'C:\Users\masterbruce\Desktop\Code\FrontEnd\Learning React\road-to-react\react_fundamentals' for client Visual Studio Code 1.57.0.[0m
[0m2021.06.16 13:11:26 INFO  time: initialize in 12s[0m
[0m2021.06.16 13:11:26 WARN  Build server is not auto-connectable.[0m
[0m2021.06.16 13:11:26 WARN  no build tool detected in workspace 'C:\Users\masterbruce\Desktop\Code\FrontEnd\Learning React\road-to-react\react_fundamentals'. The most common cause for this problem is that the editor was opened in the wrong working directory, for example if you use sbt then the workspace directory should contain build.sbt. [0m
[0m2021.06.17 13:24:24 INFO  Started: Metals version 0.10.4 in workspace 'C:\Users\masterbruce\Desktop\Code\FrontEnd\Learning React\road-to-react\react_fundamentals' for client Visual Studio Code 1.57.0.[0m
[0m2021.06.17 13:24:46 INFO  time: initialize in 22s[0m
[0m2021.06.17 13:24:46 WARN  Build server is not auto-connectable.[0m
[0m2021.06.17 13:24:46 WARN  no build tool detected in workspace 'C:\Users\masterbruce\Desktop\Code\FrontEnd\Learning React\road-to-react\react_fundamentals'. The most common cause for this problem is that the editor was opened in the wrong working directory, for example if you use sbt then the workspace directory should contain build.sbt. [0m
[0m2021.06.20 11:32:46 INFO  Started: Metals version 0.10.4 in workspace 'C:\Users\masterbruce\Desktop\Code\FrontEnd\Learning React\road-to-react\react_fundamentals' for client Visual Studio Code 1.57.0.[0m
[0m2021.06.20 11:33:07 INFO  time: initialize in 21s[0m
[0m2021.06.20 11:33:07 WARN  Build server is not auto-connectable.[0m
[0m2021.06.20 11:33:07 WARN  no build tool detected in workspace 'C:\Users\masterbruce\Desktop\Code\FrontEnd\Learning React\road-to-react\react_fundamentals'. The most common cause for this problem is that the editor was opened in the wrong working directory, for example if you use sbt then the workspace directory should contain build.sbt. [0m
[0m2021.06.20 16:04:02 INFO  Started: Metals version 0.10.4 in workspace 'C:\Users\masterbruce\Desktop\Code\FrontEnd\Learning React\road-to-react\react_fundamentals' for client Visual Studio Code 1.57.0.[0m
[0m2021.06.20 16:04:20 INFO  time: initialize in 17s[0m
[0m2021.06.20 16:04:20 WARN  Build server is not auto-connectable.[0m
[0m2021.06.20 16:04:20 WARN  no build tool detected in workspace 'C:\Users\masterbruce\Desktop\Code\FrontEnd\Learning React\road-to-react\react_fundamentals'. The most common cause for this problem is that the editor was opened in the wrong working directory, for example if you use sbt then the workspace directory should contain build.sbt. [0m
[0m2021.06.21 15:09:16 INFO  Started: Metals version 0.10.4 in workspace 'C:\Users\masterbruce\Desktop\Code\FrontEnd\Learning React\road-to-react\react_fundamentals' for client Visual Studio Code 1.57.0.[0m
[0m2021.06.21 15:09:50 INFO  time: initialize in 35s[0m
[0m2021.06.21 15:09:51 WARN  Build server is not auto-connectable.[0m
[0m2021.06.21 15:09:51 WARN  no build tool detected in workspace 'C:\Users\masterbruce\Desktop\Code\FrontEnd\Learning React\road-to-react\react_fundamentals'. The most common cause for this problem is that the editor was opened in the wrong working directory, for example if you use sbt then the workspace directory should contain build.sbt. [0m
[0m2021.06.25 13:21:12 INFO  Started: Metals version 0.10.4 in workspace 'C:\Users\masterbruce\Desktop\Code\FrontEnd\Learning React\road-to-react\react_fundamentals' for client Visual Studio Code 1.57.0.[0m
[0m2021.06.25 13:21:25 INFO  time: initialize in 13s[0m
[0m2021.06.25 13:21:26 WARN  Build server is not auto-connectable.[0m
[0m2021.06.25 13:21:26 WARN  no build tool detected in workspace 'C:\Users\masterbruce\Desktop\Code\FrontEnd\Learning React\road-to-react\react_fundamentals'. The most common cause for this problem is that the editor was opened in the wrong working directory, for example if you use sbt then the workspace directory should contain build.sbt. [0m
[0m2021.06.28 17:39:01 INFO  Started: Metals version 0.10.4 in workspace 'C:\Users\masterbruce\Desktop\Code\FrontEnd\Learning React\road-to-react\react_fundamentals' for client Visual Studio Code 1.57.1.[0m
[0m2021.06.28 17:39:23 INFO  time: initialize in 22s[0m
[0m2021.06.28 17:39:23 WARN  Build server is not auto-connectable.[0m
[0m2021.06.28 17:39:23 WARN  no build tool detected in workspace 'C:\Users\masterbruce\Desktop\Code\FrontEnd\Learning React\road-to-react\react_fundamentals'. The most common cause for this problem is that the editor was opened in the wrong working directory, for example if you use sbt then the workspace directory should contain build.sbt. [0m
